<?xml version="1.0" encoding="UTF-8" ?>
<testsuite tests="8" failures="1" name="com.Flipkart.Test.EndtoEndTest" time="1.186" errors="0" skipped="7">
  <properties>
[...]
</properties>
  <testcase classname="com.Flipkart.Test.EndtoEndTest" name="setup" time="0.586">
    <failure message="
Parameter &apos;DRIVER&apos; is required by @Configuration on method setup but has not been marked @Optional or defined
" type="org.testng.TestNGException">org.testng.TestNGException: 
Parameter &apos;DRIVER&apos; is required by @Configuration on method setup but has not been marked @Optional or defined

	at org.testng.internal.Parameters.createParameters(Parameters.java:154)
	at org.testng.internal.Parameters.createParameters(Parameters.java:361)
	at org.testng.internal.Parameters.createConfigurationParameters(Parameters.java:84)
	at org.testng.internal.Invoker.invokeConfigurations(Invoker.java:197)
	at org.testng.internal.Invoker.invokeConfigurations(Invoker.java:138)
	at org.testng.TestRunner.beforeRun(TestRunner.java:648)
	at org.testng.TestRunner.run(TestRunner.java:616)
	at org.testng.SuiteRunner.runTest(SuiteRunner.java:359)
	at org.testng.SuiteRunner.runSequentially(SuiteRunner.java:354)
	at org.testng.SuiteRunner.privateRun(SuiteRunner.java:312)
	at org.testng.SuiteRunner.run(SuiteRunner.java:261)
	at org.testng.SuiteRunnerWorker.runSuite(SuiteRunnerWorker.java:52)
	at org.testng.SuiteRunnerWorker.run(SuiteRunnerWorker.java:86)
	at org.testng.TestNG.runSuitesSequentially(TestNG.java:1215)
	at org.testng.TestNG.runSuitesLocally(TestNG.java:1140)
	at org.testng.TestNG.run(TestNG.java:1048)
	at org.apache.maven.surefire.testng.TestNGExecutor.run(TestNGExecutor.java:77)
	at org.apache.maven.surefire.testng.TestNGDirectoryTestSuite.execute(TestNGDirectoryTestSuite.java:110)
	at org.apache.maven.surefire.testng.TestNGProvider.invoke(TestNGProvider.java:106)
	at sun.reflect.NativeMethodAccessorImpl.invoke0(Native Method)
	at sun.reflect.NativeMethodAccessorImpl.invoke(NativeMethodAccessorImpl.java:62)
	at sun.reflect.DelegatingMethodAccessorImpl.invoke(DelegatingMethodAccessorImpl.java:43)
	at java.lang.reflect.Method.invoke(Method.java:498)
	at org.apache.maven.surefire.util.ReflectionUtils.invokeMethodWithArray(ReflectionUtils.java:189)
	at org.apache.maven.surefire.booter.ProviderFactory$ProviderProxy.invoke(ProviderFactory.java:165)
	at org.apache.maven.surefire.booter.ProviderFactory.invokeProvider(ProviderFactory.java:85)
	at org.apache.maven.surefire.booter.ForkedBooter.runSuitesInProcess(ForkedBooter.java:115)
	at org.apache.maven.surefire.booter.ForkedBooter.main(ForkedBooter.java:75)
</failure>
    <system-out>Configuring TestNG with: org.apache.maven.surefire.testng.conf.TestNG4751Configurator@3fb4f649




CONFIGURING TESTNG




Project Location is(CustomFunction)-rootDir = C:\Users\anupriya.balasubrama\eclipse-workspace
Project Location is(CustomFunction)-absPath = C:\Users\anupriya.balasubrama\eclipse-workspace\FlipkartDemo
C:\Users\anupriya.balasubrama\eclipse-workspace/src/test/resources/testData/ObjectRepository.properties
</system-out>
  </testcase>
  <testcase classname="com.Flipkart.Test.EndtoEndTest" name="methodLevelSetup" time="0.59">
    <skipped/>
  </testcase>
  <testcase classname="com.Flipkart.Test.EndtoEndTest" name="Step01_NavigeteToURL" time="0.003">
    <skipped/>
  </testcase>
  <testcase classname="com.Flipkart.Test.EndtoEndTest" name="methodLevelTearDown" time="0.003">
    <skipped/>
  </testcase>
  <testcase classname="com.Flipkart.Test.EndtoEndTest" name="methodLevelSetup" time="0.004">
    <skipped/>
  </testcase>
  <testcase classname="com.Flipkart.Test.EndtoEndTest" name="Step02_ClickonLoginMenu" time="0">
    <skipped/>
  </testcase>
  <testcase classname="com.Flipkart.Test.EndtoEndTest" name="methodLevelTearDown" time="0">
    <skipped/>
  </testcase>
  <testcase classname="com.Flipkart.Test.EndtoEndTest" name="classLevelTearDown" time="0">
    <skipped/>
  </testcase>
</testsuite>