<?xml version="1.0" encoding="UTF-8"?>
<testsuite xmlns:xsi="http://www.w3.org/2001/XMLSchema-instance" xsi:schemaLocation="https://maven.apache.org/surefire/maven-surefire-plugin/xsd/surefire-test-report.xsd" name="TestSuite" time="22.676" tests="11" errors="0" skipped="0" failures="0">
  <properties>
[...]
</properties>
  <testcase name="Step01_NavigeteToURL" classname="com.FlipkartDemo.test.EndtoEndTest" time="2.365"/>
  <testcase name="Step02_EnterEmailAddress" classname="com.FlipkartDemo.test.EndtoEndTest" time="0.519"/>
  <testcase name="Step03_EnterPassword" classname="com.FlipkartDemo.test.EndtoEndTest" time="0.48"/>
  <testcase name="Step04_ClickOnSignInButton" classname="com.FlipkartDemo.test.EndtoEndTest" time="1.392"/>
  <testcase name="Step05_SearchforProduct" classname="com.FlipkartDemo.test.EndtoEndTest" time="0.832"/>
  <testcase name="Step06_SelectFromResult1" classname="com.FlipkartDemo.test.EndtoEndTest" time="1.113"/>
  <testcase name="Step07_ClickonBuyNow" classname="com.FlipkartDemo.test.EndtoEndTest" time="2.584"/>
  <testcase name="Step08_ClickOnContinue" classname="com.FlipkartDemo.test.EndtoEndTest" time="2.513"/>
  <testcase name="Step9_NaviagateToHomePage" classname="com.FlipkartDemo.test.EndtoEndTest" time="0.46"/>
  <testcase name="Step10_HoverOnMyAccMenu" classname="com.FlipkartDemo.test.EndtoEndTest" time="0.619"/>
  <testcase name="Step11_ClickOnLogout" classname="com.FlipkartDemo.test.EndtoEndTest" time="0.995"/>
</testsuite>